#
# There is insufficient memory for the Java Runtime Environment to continue.
# Native memory allocation (mmap) failed to map 264241152 bytes for Failed to commit area from 0x0000000705e00000 to 0x0000000715a00000 of length 264241152.
# Possible reasons:
#   The system is out of physical RAM or swap space
#   The process is running with CompressedOops enabled, and the Java Heap may be blocking the growth of the native heap
# Possible solutions:
#   Reduce memory load on the system
#   Increase physical memory or swap space
#   Check if swap backing store is full
#   Decrease Java heap size (-Xmx/-Xms)
#   Decrease number of Java threads
#   Decrease Java thread stack sizes (-Xss)
#   Set larger code cache with -XX:ReservedCodeCacheSize=
# This output file may be truncated or incomplete.
#
#  Out of Memory Error (./src/hotspot/os/windows/os_windows.cpp:3387), pid=30504, tid=20576
#
# JRE version:  (11.0.14.1+1) (build )
# Java VM: OpenJDK 64-Bit Server VM (11.0.14.1+1, mixed mode, sharing, tiered, compressed oops, g1 gc, windows-amd64)
# No core dump will be written. Minidumps are not enabled by default on client versions of Windows
#

---------------  S U M M A R Y ------------

Command Line: -Dfile.encoding=UTF-8 

Host: 12th Gen Intel(R) Core(TM) i7-12700H, 20 cores, 15G,  Windows 11 , 64 bit Build 22621 (10.0.22621.3374)
Time: Sun Apr 21 15:14:04 2024 Hora oficial do Brasil elapsed time: 0.016830 seconds (0d 0h 0m 0s)

---------------  T H R E A D  ---------------

Current thread (0x00000129dac2b800):  JavaThread "Unknown thread" [_thread_in_vm, id=20576, stack(0x000000080f600000,0x000000080f700000)]

Stack: [0x000000080f600000,0x000000080f700000]
Native frames: (J=compiled Java code, j=interpreted, Vv=VM code, C=native code)
V  [jvm.dll+0x61e59a]
V  [jvm.dll+0x7aaca9]
V  [jvm.dll+0x7ac398]
V  [jvm.dll+0x7aca73]
V  [jvm.dll+0x24f9b8]
V  [jvm.dll+0x61b83a]
V  [jvm.dll+0x6100c5]
V  [jvm.dll+0x30772c]
V  [jvm.dll+0x3075b2]
V  [jvm.dll+0x30c2d6]
V  [jvm.dll+0x35272f]
V  [jvm.dll+0x352160]
V  [jvm.dll+0x2e4728]
V  [jvm.dll+0x2e5886]
V  [jvm.dll+0x784b07]
V  [jvm.dll+0x78628f]
V  [jvm.dll+0x35f479]
V  [jvm.dll+0x767aa0]
V  [jvm.dll+0x3ccf1f]
V  [jvm.dll+0x3cf2b1]
C  [jli.dll+0x5207]
C  [ucrtbase.dll+0x29333]
C  [KERNEL32.DLL+0x1257d]
C  [ntdll.dll+0x5aa48]


---------------  P R O C E S S  ---------------

Threads class SMR info:
_java_thread_list=0x00000129d8887af0, length=0, elements={
}

Java Threads: ( => current thread )

Other Threads:
  0x00000129dac46000 GCTaskThread "GC Thread#0" [stack: 0x000000080f700000,0x000000080f800000] [id=29720]
  0x00000129daca0800 ConcurrentGCThread "G1 Main Marker" [stack: 0x000000080f800000,0x000000080f900000] [id=2280]
  0x00000129daca2000 ConcurrentGCThread "G1 Conc#0" [stack: 0x000000080f900000,0x000000080fa00000] [id=32104]

[error occurred during error reporting (printing all threads), id 0xc0000005, EXCEPTION_ACCESS_VIOLATION (0xc0000005) at pc=0x00007ffc6a493ef7]

VM state:not at safepoint (not fully initialized)

VM Mutex/Monitor currently owned by a thread:  ([mutex/lock_event])
[0x00000129dac27720] Heap_lock - owner thread: 0x00000129dac2b800

Heap address: 0x0000000705e00000, size: 4002 MB, Compressed Oops mode: Non-zero based: 0x0000000705e00000
Narrow klass base: 0x0000000000000000, Narrow klass shift: 0

GC Heap History (0 events):
No events

Deoptimization events (0 events):
No events

Classes redefined (0 events):
No events

Internal exceptions (0 events):
No events

Events (1 events):
Event: 0.012 Loaded shared library C:\Program Files\Unity\Hub\Editor\2022.3.22f1\Editor\Data\PlaybackEngines\AndroidPlayer\OpenJDK\bin\zip.dll


Dynamic libraries:
0x00007ff7b9850000 - 0x00007ff7b985d000 	C:\Program Files\Unity\Hub\Editor\2022.3.22f1\Editor\Data\PlaybackEngines\AndroidPlayer\OpenJDK\bin\java.exe
0x00007ffcd9ab0000 - 0x00007ffcd9cc6000 	C:\WINDOWS\SYSTEM32\ntdll.dll
0x00007ffcd8550000 - 0x00007ffcd8614000 	C:\WINDOWS\System32\KERNEL32.DLL
0x00007ffcd6f20000 - 0x00007ffcd72c7000 	C:\WINDOWS\System32\KERNELBASE.dll
0x0000000065180000 - 0x00000000654b2000 	C:\Program Files\Norton Security\NortonData\22.23.6.5\Definitions\IPSDefs\20240419.064\IPSEng64.dll
0x00007ffcd77e0000 - 0x00007ffcd7892000 	C:\WINDOWS\System32\ADVAPI32.dll
0x00007ffcd84a0000 - 0x00007ffcd8547000 	C:\WINDOWS\System32\msvcrt.dll
0x00007ffcd8370000 - 0x00007ffcd8418000 	C:\WINDOWS\System32\sechost.dll
0x00007ffcd7580000 - 0x00007ffcd75a8000 	C:\WINDOWS\System32\bcrypt.dll
0x00007ffcd7e00000 - 0x00007ffcd7f15000 	C:\WINDOWS\System32\RPCRT4.dll
0x00007ffcd7df0000 - 0x00007ffcd7df8000 	C:\WINDOWS\System32\PSAPI.DLL
0x00007ffcd7350000 - 0x00007ffcd7461000 	C:\WINDOWS\System32\ucrtbase.dll
0x00007ffcaac30000 - 0x00007ffcaac47000 	C:\Program Files\Unity\Hub\Editor\2022.3.22f1\Editor\Data\PlaybackEngines\AndroidPlayer\OpenJDK\bin\jli.dll
0x00007ffcd86d0000 - 0x00007ffcd887e000 	C:\WINDOWS\System32\USER32.dll
0x00007ffcd6ef0000 - 0x00007ffcd6f16000 	C:\WINDOWS\System32\win32u.dll
0x00007ffcd8620000 - 0x00007ffcd8649000 	C:\WINDOWS\System32\GDI32.dll
0x00007ffcd6dd0000 - 0x00007ffcd6ee9000 	C:\WINDOWS\System32\gdi32full.dll
0x00007ffcc9900000 - 0x00007ffcc9b93000 	C:\WINDOWS\WinSxS\amd64_microsoft.windows.common-controls_6595b64144ccf1df_6.0.22621.3235_none_270f74e173860f98\COMCTL32.dll
0x00007ffcaac10000 - 0x00007ffcaac25000 	C:\Program Files\Unity\Hub\Editor\2022.3.22f1\Editor\Data\PlaybackEngines\AndroidPlayer\OpenJDK\bin\VCRUNTIME140.dll
0x00007ffcd7470000 - 0x00007ffcd750a000 	C:\WINDOWS\System32\msvcp_win.dll
0x00007ffcd82b0000 - 0x00007ffcd82e1000 	C:\WINDOWS\System32\IMM32.DLL
0x00007ffcaab70000 - 0x00007ffcaac0b000 	C:\Program Files\Unity\Hub\Editor\2022.3.22f1\Editor\Data\PlaybackEngines\AndroidPlayer\OpenJDK\bin\msvcp140.dll
0x00007ffc6a1a0000 - 0x00007ffc6ad21000 	C:\Program Files\Unity\Hub\Editor\2022.3.22f1\Editor\Data\PlaybackEngines\AndroidPlayer\OpenJDK\bin\server\jvm.dll
0x00007ffccf0a0000 - 0x00007ffccf0d4000 	C:\WINDOWS\SYSTEM32\WINMM.dll
0x00007ffc9d8c0000 - 0x00007ffc9d8c9000 	C:\WINDOWS\SYSTEM32\WSOCK32.dll
0x00007ffcd82f0000 - 0x00007ffcd8361000 	C:\WINDOWS\System32\WS2_32.dll
0x00007ffcceff0000 - 0x00007ffcceffa000 	C:\WINDOWS\SYSTEM32\VERSION.dll
0x00007ffcd5f00000 - 0x00007ffcd5f18000 	C:\WINDOWS\SYSTEM32\kernel.appcore.dll
0x00007ffcaab60000 - 0x00007ffcaab70000 	C:\Program Files\Unity\Hub\Editor\2022.3.22f1\Editor\Data\PlaybackEngines\AndroidPlayer\OpenJDK\bin\verify.dll
0x00007ffcd3ee0000 - 0x00007ffcd4113000 	C:\WINDOWS\SYSTEM32\DBGHELP.DLL
0x00007ffcd7f20000 - 0x00007ffcd82a8000 	C:\WINDOWS\System32\combase.dll
0x00007ffcd8b50000 - 0x00007ffcd8c27000 	C:\WINDOWS\System32\OLEAUT32.dll
0x00007ffccec60000 - 0x00007ffccec92000 	C:\WINDOWS\SYSTEM32\dbgcore.DLL
0x00007ffcd72d0000 - 0x00007ffcd7349000 	C:\WINDOWS\System32\bcryptPrimitives.dll
0x00007ffcaab30000 - 0x00007ffcaab58000 	C:\Program Files\Unity\Hub\Editor\2022.3.22f1\Editor\Data\PlaybackEngines\AndroidPlayer\OpenJDK\bin\java.dll
0x00007ffcaab20000 - 0x00007ffcaab2a000 	C:\Program Files\Unity\Hub\Editor\2022.3.22f1\Editor\Data\PlaybackEngines\AndroidPlayer\OpenJDK\bin\jimage.dll
0x00007ffcaab00000 - 0x00007ffcaab18000 	C:\Program Files\Unity\Hub\Editor\2022.3.22f1\Editor\Data\PlaybackEngines\AndroidPlayer\OpenJDK\bin\zip.dll

dbghelp: loaded successfully - version: 4.0.5 - missing functions: none
symbol engine: initialized successfully - sym options: 0x614 - pdb path: .;C:\Program Files\Unity\Hub\Editor\2022.3.22f1\Editor\Data\PlaybackEngines\AndroidPlayer\OpenJDK\bin;C:\WINDOWS\SYSTEM32;C:\Program Files\Norton Security\NortonData\22.23.6.5\Definitions\IPSDefs\20240419.064;C:\WINDOWS\WinSxS\amd64_microsoft.windows.common-controls_6595b64144ccf1df_6.0.22621.3235_none_270f74e173860f98;C:\Program Files\Unity\Hub\Editor\2022.3.22f1\Editor\Data\PlaybackEngines\AndroidPlayer\OpenJDK\bin\server

VM Arguments:
jvm_args: -Dfile.encoding=UTF-8 
java_command: <unknown>
java_class_path (initial): <not set>
Launcher Type: SUN_STANDARD

[Global flags]
     intx CICompilerCount                          = 12                                        {product} {ergonomic}
     uint ConcGCThreads                            = 4                                         {product} {ergonomic}
     uint G1ConcRefinementThreads                  = 15                                        {product} {ergonomic}
   size_t G1HeapRegionSize                         = 1048576                                   {product} {ergonomic}
    uintx GCDrainStackTargetSize                   = 64                                        {product} {ergonomic}
   size_t InitialHeapSize                          = 264241152                                 {product} {ergonomic}
   size_t MarkStackSize                            = 4194304                                   {product} {ergonomic}
   size_t MaxHeapSize                              = 4196401152                                {product} {ergonomic}
   size_t MinHeapDeltaBytes                        = 1048576                                   {product} {ergonomic}
    uintx NonNMethodCodeHeapSize                   = 7594288                                {pd product} {ergonomic}
    uintx NonProfiledCodeHeapSize                  = 122031976                              {pd product} {ergonomic}
    uintx ProfiledCodeHeapSize                     = 122031976                              {pd product} {ergonomic}
    uintx ReservedCodeCacheSize                    = 251658240                              {pd product} {ergonomic}
     bool SegmentedCodeCache                       = true                                      {product} {ergonomic}
     bool UseCompressedClassPointers               = true                                 {lp64_product} {ergonomic}
     bool UseCompressedOops                        = true                                 {lp64_product} {ergonomic}
     bool UseG1GC                                  = true                                      {product} {ergonomic}
     bool UseLargePagesIndividualAllocation        = false                                  {pd product} {ergonomic}

Logging:
Log output configuration:
 #0: stdout all=warning uptime,level,tags
 #1: stderr all=off uptime,level,tags

Environment Variables:
JAVA_HOME=C:\Program Files\Java\jdk-17
JAVA_TOOL_OPTIONS=-Dfile.encoding=UTF-8
PATH=C:\Program Files\Common Files\Oracle\Java\javapath;C:\WINDOWS\system32;C:\WINDOWS;C:\WINDOWS\System32\Wbem;C:\WINDOWS\System32\WindowsPowerShell\v1.0\;C:\WINDOWS\System32\OpenSSH\;C:\Program Files (x86)\NVIDIA Corporation\PhysX\Common;C:\Program Files\NVIDIA Corporation\NVIDIA NvDLISR;C:\Program Files\RedHat\java-1.8.0-openjdk-1.8.0.382-1\bin;C:\Program Files\RedHat\java-1.8.0-openjdk-1.8.0.382-1\jre\bin;C:\Program Files\nodejs\;C:\Program Files\Git\cmd;C:\Program Files\dotnet\;C:\Program Files\MySQL\MySQL Shell 8.0\bin\;C:\Users\humbe\AppData\Local\Microsoft\WindowsApps;C:\Users\humbe\AppData\Local\Programs\Microsoft VS Code\bin;C:\Program Files\Java\jdk-17\bin;C:\Users\humbe\AppData\Roaming\npm;C:\Users\humbe\.dotnet\tools;C:\Users\humbe\AppData\Local\GitHubDesktop\bin
USERNAME=humbe
OS=Windows_NT
PROCESSOR_IDENTIFIER=Intel64 Family 6 Model 154 Stepping 3, GenuineIntel



---------------  S Y S T E M  ---------------

OS: Windows 11 , 64 bit Build 22621 (10.0.22621.3374)
OS uptime: 0 days 1:08 hours

CPU:total 20 (initial active 20) (10 cores per cpu, 2 threads per core) family 6 model 154 stepping 3 microcode 0x423, cmov, cx8, fxsr, mmx, sse, sse2, sse3, ssse3, sse4.1, sse4.2, popcnt, avx, avx2, aes, clmul, erms, 3dnowpref, lzcnt, ht, tsc, tscinvbit, bmi1, bmi2, adx, sha, fma

Memory: 4k page, system-wide physical 16004M (2573M free)
TotalPageFile size 20004M (AvailPageFile size 68M)
current process WorkingSet (physical memory assigned to process): 12M, peak: 12M
current process commit charge ("private bytes"): 76M, peak: 328M

vm_info: OpenJDK 64-Bit Server VM (11.0.14.1+1) for windows-amd64 JRE (11.0.14.1+1), built on Feb  9 2022 01:48:27 by "" with unknown MS VC++:1916

END.
